<?xml version="1.0" encoding="UTF-8"?>
<testsuite xmlns:xsi="http://www.w3.org/2001/XMLSchema-instance" xsi:noNamespaceSchemaLocation="https://maven.apache.org/surefire/maven-surefire-plugin/xsd/surefire-test-report-3.0.xsd" version="3.0" name="citytech.global.sapatide.SapatideTest" time="4.426" tests="1" errors="0" skipped="0" failures="0">
  <properties>
    <property name="java.specification.version" value="17"/>
    <property name="sun.cpu.isalist" value="amd64"/>
    <property name="sun.jnu.encoding" value="Cp1252"/>
    <property name="java.class.path" value="C:\Users\satish\Desktop\sapatide\target\test-classes;C:\Users\satish\Desktop\sapatide\target\classes;C:\Users\satish\.m2\repository\io\micronaut\micronaut-http-server-netty\4.1.8\micronaut-http-server-netty-4.1.8.jar;C:\Users\satish\.m2\repository\org\slf4j\slf4j-api\2.0.9\slf4j-api-2.0.9.jar;C:\Users\satish\.m2\repository\io\micronaut\micronaut-http-server\4.1.8\micronaut-http-server-4.1.8.jar;C:\Users\satish\.m2\repository\io\micronaut\micronaut-router\4.1.8\micronaut-router-4.1.8.jar;C:\Users\satish\.m2\repository\io\micronaut\micronaut-core\4.1.8\micronaut-core-4.1.8.jar;C:\Users\satish\.m2\repository\io\micronaut\micronaut-http-netty\4.1.8\micronaut-http-netty-4.1.8.jar;C:\Users\satish\.m2\repository\io\micronaut\micronaut-buffer-netty\4.1.8\micronaut-buffer-netty-4.1.8.jar;C:\Users\satish\.m2\repository\io\netty\netty-codec-http2\4.1.99.Final\netty-codec-http2-4.1.99.Final.jar;C:\Users\satish\.m2\repository\io\netty\netty-handler\4.1.99.Final\netty-handler-4.1.99.Final.jar;C:\Users\satish\.m2\repository\io\netty\netty-resolver\4.1.99.Final\netty-resolver-4.1.99.Final.jar;C:\Users\satish\.m2\repository\io\netty\netty-transport-native-unix-common\4.1.99.Final\netty-transport-native-unix-common-4.1.99.Final.jar;C:\Users\satish\.m2\repository\io\netty\netty-codec-http\4.1.99.Final\netty-codec-http-4.1.99.Final.jar;C:\Users\satish\.m2\repository\io\netty\netty-common\4.1.99.Final\netty-common-4.1.99.Final.jar;C:\Users\satish\.m2\repository\io\netty\netty-buffer\4.1.99.Final\netty-buffer-4.1.99.Final.jar;C:\Users\satish\.m2\repository\io\netty\netty-transport\4.1.99.Final\netty-transport-4.1.99.Final.jar;C:\Users\satish\.m2\repository\io\netty\netty-codec\4.1.99.Final\netty-codec-4.1.99.Final.jar;C:\Users\satish\.m2\repository\io\projectreactor\reactor-core\3.5.10\reactor-core-3.5.10.jar;C:\Users\satish\.m2\repository\io\micronaut\micronaut-jackson-databind\4.1.8\micronaut-jackson-databind-4.1.8.jar;C:\Users\satish\.m2\repository\io\micronaut\micronaut-jackson-core\4.1.8\micronaut-jackson-core-4.1.8.jar;C:\Users\satish\.m2\repository\com\fasterxml\jackson\core\jackson-core\2.15.2\jackson-core-2.15.2.jar;C:\Users\satish\.m2\repository\com\fasterxml\jackson\core\jackson-databind\2.15.2\jackson-databind-2.15.2.jar;C:\Users\satish\.m2\repository\com\fasterxml\jackson\datatype\jackson-datatype-jdk8\2.15.2\jackson-datatype-jdk8-2.15.2.jar;C:\Users\satish\.m2\repository\com\fasterxml\jackson\datatype\jackson-datatype-jsr310\2.15.2\jackson-datatype-jsr310-2.15.2.jar;C:\Users\satish\.m2\repository\io\micronaut\data\micronaut-data-jdbc\4.1.3\micronaut-data-jdbc-4.1.3.jar;C:\Users\satish\.m2\repository\io\micronaut\micronaut-inject\4.1.8\micronaut-inject-4.1.8.jar;C:\Users\satish\.m2\repository\jakarta\inject\jakarta.inject-api\2.0.1\jakarta.inject-api-2.0.1.jar;C:\Users\satish\.m2\repository\jakarta\annotation\jakarta.annotation-api\2.1.1\jakarta.annotation-api-2.1.1.jar;C:\Users\satish\.m2\repository\io\micronaut\data\micronaut-data-runtime\4.1.3\micronaut-data-runtime-4.1.3.jar;C:\Users\satish\.m2\repository\io\micronaut\data\micronaut-data-model\4.1.3\micronaut-data-model-4.1.3.jar;C:\Users\satish\.m2\repository\io\micronaut\data\micronaut-data-tx\4.1.3\micronaut-data-tx-4.1.3.jar;C:\Users\satish\.m2\repository\io\micronaut\data\micronaut-data-tx-jdbc\4.1.3\micronaut-data-tx-jdbc-4.1.3.jar;C:\Users\satish\.m2\repository\jakarta\transaction\jakarta.transaction-api\2.0.1\jakarta.transaction-api-2.0.1.jar;C:\Users\satish\.m2\repository\io\micronaut\data\micronaut-data-connection-jdbc\4.1.3\micronaut-data-connection-jdbc-4.1.3.jar;C:\Users\satish\.m2\repository\io\micronaut\data\micronaut-data-connection\4.1.3\micronaut-data-connection-4.1.3.jar;C:\Users\satish\.m2\repository\io\micronaut\micronaut-json-core\4.1.8\micronaut-json-core-4.1.8.jar;C:\Users\satish\.m2\repository\io\micronaut\sql\micronaut-jdbc\5.0.2\micronaut-jdbc-5.0.2.jar;C:\Users\satish\.m2\repository\io\micronaut\sql\micronaut-jdbc-hikari\5.0.2\micronaut-jdbc-hikari-5.0.2.jar;C:\Users\satish\.m2\repository\com\zaxxer\HikariCP\5.0.1\HikariCP-5.0.1.jar;C:\Users\satish\.m2\repository\ch\qos\logback\logback-classic\1.4.11\logback-classic-1.4.11.jar;C:\Users\satish\.m2\repository\ch\qos\logback\logback-core\1.4.11\logback-core-1.4.11.jar;C:\Users\satish\.m2\repository\org\postgresql\postgresql\42.2.23\postgresql-42.2.23.jar;C:\Users\satish\.m2\repository\org\checkerframework\checker-qual\3.5.0\checker-qual-3.5.0.jar;C:\Users\satish\.m2\repository\io\micronaut\testresources\micronaut-test-resources-client\2.0.0\micronaut-test-resources-client-2.0.0.jar;C:\Users\satish\.m2\repository\io\micronaut\testresources\micronaut-test-resources-core\2.0.0\micronaut-test-resources-core-2.0.0.jar;C:\Users\satish\.m2\repository\org\apache\poi\poi-ooxml\3.9\poi-ooxml-3.9.jar;C:\Users\satish\.m2\repository\org\apache\poi\poi\3.9\poi-3.9.jar;C:\Users\satish\.m2\repository\commons-codec\commons-codec\1.5\commons-codec-1.5.jar;C:\Users\satish\.m2\repository\org\apache\poi\poi-ooxml-schemas\3.9\poi-ooxml-schemas-3.9.jar;C:\Users\satish\.m2\repository\org\apache\xmlbeans\xmlbeans\2.3.0\xmlbeans-2.3.0.jar;C:\Users\satish\.m2\repository\stax\stax-api\1.0.1\stax-api-1.0.1.jar;C:\Users\satish\.m2\repository\dom4j\dom4j\1.6.1\dom4j-1.6.1.jar;C:\Users\satish\.m2\repository\xml-apis\xml-apis\1.0.b2\xml-apis-1.0.b2.jar;C:\Users\satish\.m2\repository\mysql\mysql-connector-java\8.0.26\mysql-connector-java-8.0.26.jar;C:\Users\satish\.m2\repository\com\google\protobuf\protobuf-java\3.23.4\protobuf-java-3.23.4.jar;C:\Users\satish\.m2\repository\org\mockito\mockito-core\5.5.0\mockito-core-5.5.0.jar;C:\Users\satish\.m2\repository\net\bytebuddy\byte-buddy\1.14.6\byte-buddy-1.14.6.jar;C:\Users\satish\.m2\repository\net\bytebuddy\byte-buddy-agent\1.14.6\byte-buddy-agent-1.14.6.jar;C:\Users\satish\.m2\repository\org\objenesis\objenesis\3.3\objenesis-3.3.jar;C:\Users\satish\.m2\repository\io\micronaut\serde\micronaut-serde-jackson\2.2.5\micronaut-serde-jackson-2.2.5.jar;C:\Users\satish\.m2\repository\com\fasterxml\jackson\core\jackson-annotations\2.15.2\jackson-annotations-2.15.2.jar;C:\Users\satish\.m2\repository\io\micronaut\micronaut-context\4.1.8\micronaut-context-4.1.8.jar;C:\Users\satish\.m2\repository\io\micronaut\serde\micronaut-serde-api\2.2.5\micronaut-serde-api-2.2.5.jar;C:\Users\satish\.m2\repository\io\micronaut\serde\micronaut-serde-support\2.2.5\micronaut-serde-support-2.2.5.jar;C:\Users\satish\.m2\repository\javax\persistence\javax.persistence-api\2.2\javax.persistence-api-2.2.jar;C:\Users\satish\.m2\repository\io\soabase\record-builder\record-builder-core\37\record-builder-core-37.jar;C:\Users\satish\.m2\repository\org\yaml\snakeyaml\2.0\snakeyaml-2.0.jar;C:\Users\satish\.m2\repository\io\reactivex\rxjava2\rxjava\2.2.21\rxjava-2.2.21.jar;C:\Users\satish\.m2\repository\org\reactivestreams\reactive-streams\1.0.4\reactive-streams-1.0.4.jar;C:\Users\satish\.m2\repository\io\jsonwebtoken\jjwt-api\0.11.5\jjwt-api-0.11.5.jar;C:\Users\satish\.m2\repository\io\jsonwebtoken\jjwt-impl\0.11.5\jjwt-impl-0.11.5.jar;C:\Users\satish\.m2\repository\io\jsonwebtoken\jjwt-jackson\0.11.5\jjwt-jackson-0.11.5.jar;C:\Users\satish\.m2\repository\io\micronaut\micronaut-http-client\4.1.8\micronaut-http-client-4.1.8.jar;C:\Users\satish\.m2\repository\io\micronaut\micronaut-http-client-core\4.1.8\micronaut-http-client-core-4.1.8.jar;C:\Users\satish\.m2\repository\io\micronaut\micronaut-discovery-core\4.1.8\micronaut-discovery-core-4.1.8.jar;C:\Users\satish\.m2\repository\io\netty\netty-handler-proxy\4.1.99.Final\netty-handler-proxy-4.1.99.Final.jar;C:\Users\satish\.m2\repository\io\netty\netty-codec-socks\4.1.99.Final\netty-codec-socks-4.1.99.Final.jar;C:\Users\satish\.m2\repository\io\github\cdimascio\java-dotenv\5.2.2\java-dotenv-5.2.2.jar;C:\Users\satish\.m2\repository\org\jetbrains\kotlin\kotlin-stdlib\1.8.21\kotlin-stdlib-1.8.21.jar;C:\Users\satish\.m2\repository\org\jetbrains\kotlin\kotlin-stdlib-common\1.8.21\kotlin-stdlib-common-1.8.21.jar;C:\Users\satish\.m2\repository\org\jetbrains\annotations\13.0\annotations-13.0.jar;C:\Users\satish\.m2\repository\org\freemarker\freemarker\2.3.32\freemarker-2.3.32.jar;C:\Users\satish\.m2\repository\javax\websocket\javax.websocket-api\1.1\javax.websocket-api-1.1.jar;C:\Users\satish\.m2\repository\org\awaitility\awaitility\4.2.0\awaitility-4.2.0.jar;C:\Users\satish\.m2\repository\org\hamcrest\hamcrest\2.2\hamcrest-2.2.jar;C:\Users\satish\.m2\repository\io\micronaut\micronaut-websocket\4.1.9\micronaut-websocket-4.1.9.jar;C:\Users\satish\.m2\repository\io\micronaut\micronaut-http\4.1.8\micronaut-http-4.1.8.jar;C:\Users\satish\.m2\repository\io\micronaut\micronaut-core-reactive\4.1.8\micronaut-core-reactive-4.1.8.jar;C:\Users\satish\.m2\repository\io\micronaut\micronaut-context-propagation\4.1.8\micronaut-context-propagation-4.1.8.jar;C:\Users\satish\.m2\repository\io\micronaut\micronaut-aop\4.1.8\micronaut-aop-4.1.8.jar;C:\Users\satish\.m2\repository\io\micronaut\test\micronaut-test-junit5\4.0.2\micronaut-test-junit5-4.0.2.jar;C:\Users\satish\.m2\repository\io\micronaut\test\micronaut-test-core\4.0.2\micronaut-test-core-4.0.2.jar;C:\Users\satish\.m2\repository\org\junit\jupiter\junit-jupiter-api\5.9.3\junit-jupiter-api-5.9.3.jar;C:\Users\satish\.m2\repository\org\opentest4j\opentest4j\1.2.0\opentest4j-1.2.0.jar;C:\Users\satish\.m2\repository\org\junit\platform\junit-platform-commons\1.9.3\junit-platform-commons-1.9.3.jar;C:\Users\satish\.m2\repository\org\apiguardian\apiguardian-api\1.1.2\apiguardian-api-1.1.2.jar;C:\Users\satish\.m2\repository\org\junit\jupiter\junit-jupiter-engine\5.9.3\junit-jupiter-engine-5.9.3.jar;C:\Users\satish\.m2\repository\org\junit\platform\junit-platform-engine\1.9.3\junit-platform-engine-1.9.3.jar;C:\Users\satish\.m2\repository\com\sun\mail\javax.mail\1.5.5\javax.mail-1.5.5.jar;C:\Users\satish\.m2\repository\javax\activation\activation\1.1\activation-1.1.jar;"/>
    <property name="java.vm.vendor" value="Oracle Corporation"/>
    <property name="sun.arch.data.model" value="64"/>
    <property name="user.variant" value=""/>
    <property name="java.vendor.url" value="https://java.oracle.com/"/>
    <property name="user.timezone" value="Asia/Katmandu"/>
    <property name="os.name" value="Windows 10"/>
    <property name="java.vm.specification.version" value="17"/>
    <property name="sun.java.launcher" value="SUN_STANDARD"/>
    <property name="user.country" value="US"/>
    <property name="sun.boot.library.path" value="C:\Program Files\Java\jdk-17\bin"/>
    <property name="sun.java.command" value="C:\Users\satish\AppData\Local\Temp\surefire11292207397165838522\surefirebooter-20231017130356867_3.jar C:\Users\satish\AppData\Local\Temp\surefire11292207397165838522 2023-10-17T13-03-56_643-jvmRun1 surefire-20231017130356867_1tmp surefire_0-20231017130356867_2tmp"/>
    <property name="jdk.debug" value="release"/>
    <property name="surefire.test.class.path" value="C:\Users\satish\Desktop\sapatide\target\test-classes;C:\Users\satish\Desktop\sapatide\target\classes;C:\Users\satish\.m2\repository\io\micronaut\micronaut-http-server-netty\4.1.8\micronaut-http-server-netty-4.1.8.jar;C:\Users\satish\.m2\repository\org\slf4j\slf4j-api\2.0.9\slf4j-api-2.0.9.jar;C:\Users\satish\.m2\repository\io\micronaut\micronaut-http-server\4.1.8\micronaut-http-server-4.1.8.jar;C:\Users\satish\.m2\repository\io\micronaut\micronaut-router\4.1.8\micronaut-router-4.1.8.jar;C:\Users\satish\.m2\repository\io\micronaut\micronaut-core\4.1.8\micronaut-core-4.1.8.jar;C:\Users\satish\.m2\repository\io\micronaut\micronaut-http-netty\4.1.8\micronaut-http-netty-4.1.8.jar;C:\Users\satish\.m2\repository\io\micronaut\micronaut-buffer-netty\4.1.8\micronaut-buffer-netty-4.1.8.jar;C:\Users\satish\.m2\repository\io\netty\netty-codec-http2\4.1.99.Final\netty-codec-http2-4.1.99.Final.jar;C:\Users\satish\.m2\repository\io\netty\netty-handler\4.1.99.Final\netty-handler-4.1.99.Final.jar;C:\Users\satish\.m2\repository\io\netty\netty-resolver\4.1.99.Final\netty-resolver-4.1.99.Final.jar;C:\Users\satish\.m2\repository\io\netty\netty-transport-native-unix-common\4.1.99.Final\netty-transport-native-unix-common-4.1.99.Final.jar;C:\Users\satish\.m2\repository\io\netty\netty-codec-http\4.1.99.Final\netty-codec-http-4.1.99.Final.jar;C:\Users\satish\.m2\repository\io\netty\netty-common\4.1.99.Final\netty-common-4.1.99.Final.jar;C:\Users\satish\.m2\repository\io\netty\netty-buffer\4.1.99.Final\netty-buffer-4.1.99.Final.jar;C:\Users\satish\.m2\repository\io\netty\netty-transport\4.1.99.Final\netty-transport-4.1.99.Final.jar;C:\Users\satish\.m2\repository\io\netty\netty-codec\4.1.99.Final\netty-codec-4.1.99.Final.jar;C:\Users\satish\.m2\repository\io\projectreactor\reactor-core\3.5.10\reactor-core-3.5.10.jar;C:\Users\satish\.m2\repository\io\micronaut\micronaut-jackson-databind\4.1.8\micronaut-jackson-databind-4.1.8.jar;C:\Users\satish\.m2\repository\io\micronaut\micronaut-jackson-core\4.1.8\micronaut-jackson-core-4.1.8.jar;C:\Users\satish\.m2\repository\com\fasterxml\jackson\core\jackson-core\2.15.2\jackson-core-2.15.2.jar;C:\Users\satish\.m2\repository\com\fasterxml\jackson\core\jackson-databind\2.15.2\jackson-databind-2.15.2.jar;C:\Users\satish\.m2\repository\com\fasterxml\jackson\datatype\jackson-datatype-jdk8\2.15.2\jackson-datatype-jdk8-2.15.2.jar;C:\Users\satish\.m2\repository\com\fasterxml\jackson\datatype\jackson-datatype-jsr310\2.15.2\jackson-datatype-jsr310-2.15.2.jar;C:\Users\satish\.m2\repository\io\micronaut\data\micronaut-data-jdbc\4.1.3\micronaut-data-jdbc-4.1.3.jar;C:\Users\satish\.m2\repository\io\micronaut\micronaut-inject\4.1.8\micronaut-inject-4.1.8.jar;C:\Users\satish\.m2\repository\jakarta\inject\jakarta.inject-api\2.0.1\jakarta.inject-api-2.0.1.jar;C:\Users\satish\.m2\repository\jakarta\annotation\jakarta.annotation-api\2.1.1\jakarta.annotation-api-2.1.1.jar;C:\Users\satish\.m2\repository\io\micronaut\data\micronaut-data-runtime\4.1.3\micronaut-data-runtime-4.1.3.jar;C:\Users\satish\.m2\repository\io\micronaut\data\micronaut-data-model\4.1.3\micronaut-data-model-4.1.3.jar;C:\Users\satish\.m2\repository\io\micronaut\data\micronaut-data-tx\4.1.3\micronaut-data-tx-4.1.3.jar;C:\Users\satish\.m2\repository\io\micronaut\data\micronaut-data-tx-jdbc\4.1.3\micronaut-data-tx-jdbc-4.1.3.jar;C:\Users\satish\.m2\repository\jakarta\transaction\jakarta.transaction-api\2.0.1\jakarta.transaction-api-2.0.1.jar;C:\Users\satish\.m2\repository\io\micronaut\data\micronaut-data-connection-jdbc\4.1.3\micronaut-data-connection-jdbc-4.1.3.jar;C:\Users\satish\.m2\repository\io\micronaut\data\micronaut-data-connection\4.1.3\micronaut-data-connection-4.1.3.jar;C:\Users\satish\.m2\repository\io\micronaut\micronaut-json-core\4.1.8\micronaut-json-core-4.1.8.jar;C:\Users\satish\.m2\repository\io\micronaut\sql\micronaut-jdbc\5.0.2\micronaut-jdbc-5.0.2.jar;C:\Users\satish\.m2\repository\io\micronaut\sql\micronaut-jdbc-hikari\5.0.2\micronaut-jdbc-hikari-5.0.2.jar;C:\Users\satish\.m2\repository\com\zaxxer\HikariCP\5.0.1\HikariCP-5.0.1.jar;C:\Users\satish\.m2\repository\ch\qos\logback\logback-classic\1.4.11\logback-classic-1.4.11.jar;C:\Users\satish\.m2\repository\ch\qos\logback\logback-core\1.4.11\logback-core-1.4.11.jar;C:\Users\satish\.m2\repository\org\postgresql\postgresql\42.2.23\postgresql-42.2.23.jar;C:\Users\satish\.m2\repository\org\checkerframework\checker-qual\3.5.0\checker-qual-3.5.0.jar;C:\Users\satish\.m2\repository\io\micronaut\testresources\micronaut-test-resources-client\2.0.0\micronaut-test-resources-client-2.0.0.jar;C:\Users\satish\.m2\repository\io\micronaut\testresources\micronaut-test-resources-core\2.0.0\micronaut-test-resources-core-2.0.0.jar;C:\Users\satish\.m2\repository\org\apache\poi\poi-ooxml\3.9\poi-ooxml-3.9.jar;C:\Users\satish\.m2\repository\org\apache\poi\poi\3.9\poi-3.9.jar;C:\Users\satish\.m2\repository\commons-codec\commons-codec\1.5\commons-codec-1.5.jar;C:\Users\satish\.m2\repository\org\apache\poi\poi-ooxml-schemas\3.9\poi-ooxml-schemas-3.9.jar;C:\Users\satish\.m2\repository\org\apache\xmlbeans\xmlbeans\2.3.0\xmlbeans-2.3.0.jar;C:\Users\satish\.m2\repository\stax\stax-api\1.0.1\stax-api-1.0.1.jar;C:\Users\satish\.m2\repository\dom4j\dom4j\1.6.1\dom4j-1.6.1.jar;C:\Users\satish\.m2\repository\xml-apis\xml-apis\1.0.b2\xml-apis-1.0.b2.jar;C:\Users\satish\.m2\repository\mysql\mysql-connector-java\8.0.26\mysql-connector-java-8.0.26.jar;C:\Users\satish\.m2\repository\com\google\protobuf\protobuf-java\3.23.4\protobuf-java-3.23.4.jar;C:\Users\satish\.m2\repository\org\mockito\mockito-core\5.5.0\mockito-core-5.5.0.jar;C:\Users\satish\.m2\repository\net\bytebuddy\byte-buddy\1.14.6\byte-buddy-1.14.6.jar;C:\Users\satish\.m2\repository\net\bytebuddy\byte-buddy-agent\1.14.6\byte-buddy-agent-1.14.6.jar;C:\Users\satish\.m2\repository\org\objenesis\objenesis\3.3\objenesis-3.3.jar;C:\Users\satish\.m2\repository\io\micronaut\serde\micronaut-serde-jackson\2.2.5\micronaut-serde-jackson-2.2.5.jar;C:\Users\satish\.m2\repository\com\fasterxml\jackson\core\jackson-annotations\2.15.2\jackson-annotations-2.15.2.jar;C:\Users\satish\.m2\repository\io\micronaut\micronaut-context\4.1.8\micronaut-context-4.1.8.jar;C:\Users\satish\.m2\repository\io\micronaut\serde\micronaut-serde-api\2.2.5\micronaut-serde-api-2.2.5.jar;C:\Users\satish\.m2\repository\io\micronaut\serde\micronaut-serde-support\2.2.5\micronaut-serde-support-2.2.5.jar;C:\Users\satish\.m2\repository\javax\persistence\javax.persistence-api\2.2\javax.persistence-api-2.2.jar;C:\Users\satish\.m2\repository\io\soabase\record-builder\record-builder-core\37\record-builder-core-37.jar;C:\Users\satish\.m2\repository\org\yaml\snakeyaml\2.0\snakeyaml-2.0.jar;C:\Users\satish\.m2\repository\io\reactivex\rxjava2\rxjava\2.2.21\rxjava-2.2.21.jar;C:\Users\satish\.m2\repository\org\reactivestreams\reactive-streams\1.0.4\reactive-streams-1.0.4.jar;C:\Users\satish\.m2\repository\io\jsonwebtoken\jjwt-api\0.11.5\jjwt-api-0.11.5.jar;C:\Users\satish\.m2\repository\io\jsonwebtoken\jjwt-impl\0.11.5\jjwt-impl-0.11.5.jar;C:\Users\satish\.m2\repository\io\jsonwebtoken\jjwt-jackson\0.11.5\jjwt-jackson-0.11.5.jar;C:\Users\satish\.m2\repository\io\micronaut\micronaut-http-client\4.1.8\micronaut-http-client-4.1.8.jar;C:\Users\satish\.m2\repository\io\micronaut\micronaut-http-client-core\4.1.8\micronaut-http-client-core-4.1.8.jar;C:\Users\satish\.m2\repository\io\micronaut\micronaut-discovery-core\4.1.8\micronaut-discovery-core-4.1.8.jar;C:\Users\satish\.m2\repository\io\netty\netty-handler-proxy\4.1.99.Final\netty-handler-proxy-4.1.99.Final.jar;C:\Users\satish\.m2\repository\io\netty\netty-codec-socks\4.1.99.Final\netty-codec-socks-4.1.99.Final.jar;C:\Users\satish\.m2\repository\io\github\cdimascio\java-dotenv\5.2.2\java-dotenv-5.2.2.jar;C:\Users\satish\.m2\repository\org\jetbrains\kotlin\kotlin-stdlib\1.8.21\kotlin-stdlib-1.8.21.jar;C:\Users\satish\.m2\repository\org\jetbrains\kotlin\kotlin-stdlib-common\1.8.21\kotlin-stdlib-common-1.8.21.jar;C:\Users\satish\.m2\repository\org\jetbrains\annotations\13.0\annotations-13.0.jar;C:\Users\satish\.m2\repository\org\freemarker\freemarker\2.3.32\freemarker-2.3.32.jar;C:\Users\satish\.m2\repository\javax\websocket\javax.websocket-api\1.1\javax.websocket-api-1.1.jar;C:\Users\satish\.m2\repository\org\awaitility\awaitility\4.2.0\awaitility-4.2.0.jar;C:\Users\satish\.m2\repository\org\hamcrest\hamcrest\2.2\hamcrest-2.2.jar;C:\Users\satish\.m2\repository\io\micronaut\micronaut-websocket\4.1.9\micronaut-websocket-4.1.9.jar;C:\Users\satish\.m2\repository\io\micronaut\micronaut-http\4.1.8\micronaut-http-4.1.8.jar;C:\Users\satish\.m2\repository\io\micronaut\micronaut-core-reactive\4.1.8\micronaut-core-reactive-4.1.8.jar;C:\Users\satish\.m2\repository\io\micronaut\micronaut-context-propagation\4.1.8\micronaut-context-propagation-4.1.8.jar;C:\Users\satish\.m2\repository\io\micronaut\micronaut-aop\4.1.8\micronaut-aop-4.1.8.jar;C:\Users\satish\.m2\repository\io\micronaut\test\micronaut-test-junit5\4.0.2\micronaut-test-junit5-4.0.2.jar;C:\Users\satish\.m2\repository\io\micronaut\test\micronaut-test-core\4.0.2\micronaut-test-core-4.0.2.jar;C:\Users\satish\.m2\repository\org\junit\jupiter\junit-jupiter-api\5.9.3\junit-jupiter-api-5.9.3.jar;C:\Users\satish\.m2\repository\org\opentest4j\opentest4j\1.2.0\opentest4j-1.2.0.jar;C:\Users\satish\.m2\repository\org\junit\platform\junit-platform-commons\1.9.3\junit-platform-commons-1.9.3.jar;C:\Users\satish\.m2\repository\org\apiguardian\apiguardian-api\1.1.2\apiguardian-api-1.1.2.jar;C:\Users\satish\.m2\repository\org\junit\jupiter\junit-jupiter-engine\5.9.3\junit-jupiter-engine-5.9.3.jar;C:\Users\satish\.m2\repository\org\junit\platform\junit-platform-engine\1.9.3\junit-platform-engine-1.9.3.jar;C:\Users\satish\.m2\repository\com\sun\mail\javax.mail\1.5.5\javax.mail-1.5.5.jar;C:\Users\satish\.m2\repository\javax\activation\activation\1.1\activation-1.1.jar;"/>
    <property name="sun.cpu.endian" value="little"/>
    <property name="user.home" value="C:\Users\satish"/>
    <property name="user.language" value="en"/>
    <property name="java.specification.vendor" value="Oracle Corporation"/>
    <property name="io.netty.allocator.maxOrder" value="3"/>
    <property name="java.version.date" value="2023-07-18"/>
    <property name="java.home" value="C:\Program Files\Java\jdk-17"/>
    <property name="file.separator" value="\"/>
    <property name="basedir" value="C:\Users\satish\Desktop\sapatide"/>
    <property name="java.vm.compressedOopsMode" value="32-bit"/>
    <property name="line.separator" value="&#10;"/>
    <property name="java.vm.specification.vendor" value="Oracle Corporation"/>
    <property name="java.specification.name" value="Java Platform API Specification"/>
    <property name="surefire.real.class.path" value="C:\Users\satish\AppData\Local\Temp\surefire11292207397165838522\surefirebooter-20231017130356867_3.jar"/>
    <property name="user.script" value=""/>
    <property name="sun.management.compiler" value="HotSpot 64-Bit Tiered Compilers"/>
    <property name="java.runtime.version" value="17.0.8+9-LTS-211"/>
    <property name="user.name" value="satish"/>
    <property name="path.separator" value=";"/>
    <property name="os.version" value="10.0"/>
    <property name="java.runtime.name" value="Java(TM) SE Runtime Environment"/>
    <property name="file.encoding" value="Cp1252"/>
    <property name="java.vm.name" value="Java HotSpot(TM) 64-Bit Server VM"/>
    <property name="localRepository" value="C:\Users\satish\.m2\repository"/>
    <property name="micronaut.classloader.logging" value="true"/>
    <property name="java.vendor.url.bug" value="https://bugreport.java.com/bugreport/"/>
    <property name="java.io.tmpdir" value="C:\Users\satish\AppData\Local\Temp\"/>
    <property name="com.zaxxer.hikari.pool_number" value="1"/>
    <property name="java.version" value="17.0.8"/>
    <property name="user.dir" value="C:\Users\satish\Desktop\sapatide"/>
    <property name="os.arch" value="amd64"/>
    <property name="java.vm.specification.name" value="Java Virtual Machine Specification"/>
    <property name="sun.os.patch.level" value=""/>
    <property name="native.encoding" value="Cp1252"/>
    <property name="java.library.path" value="C:\Program Files\Java\jdk-17\bin;C:\WINDOWS\Sun\Java\bin;C:\WINDOWS\system32;C:\WINDOWS;C:\Program Files\Common Files\Oracle\Java\javapath;C:\Python311\Scripts\;C:\Python311\;C:\WINDOWS\system32;C:\WINDOWS;C:\WINDOWS\System32\Wbem;C:\WINDOWS\System32\WindowsPowerShell\v1.0\;C:\WINDOWS\System32\OpenSSH\;C:\Program Files\Git\cmd;C:\ProgramData\chocolatey\bin;C:\Users\satish\AppData\Local\Programs\Python\Python39\Scripts;C:\Program Files\Python310\Scripts;C:\Program Files\nodejs\;C:\Program Files\php-8.2.6;C:\Program Files\Java\jdk-17\BIN;C:\apache-maven-3.9.4\bin;C:\Users\satish\AppData\Local\Microsoft\WindowsApps;C:\Program Files\heroku\bin;C:\Users\satish\AppData\Local\Programs\Microsoft VS Code\bin;C:\Users\satish\AppData\Roaming\npm;C:\Program Files\JetBrains\IntelliJ IDEA 2023.2.1\bin;;C:\Program Files\JetBrains\IntelliJ IDEA Educational Edition 2022.2.2\bin;;C:\apache-maven-3.9.4\bin;;."/>
    <property name="java.vm.info" value="mixed mode, sharing"/>
    <property name="java.vendor" value="Oracle Corporation"/>
    <property name="java.vm.version" value="17.0.8+9-LTS-211"/>
    <property name="sun.io.unicode.encoding" value="UnicodeLittle"/>
    <property name="java.class.version" value="61.0"/>
  </properties>
  <testcase name="testItWorks" classname="citytech.global.sapatide.SapatideTest" time="0.056">
    <system-out><![CDATA[&amp#27;[36m13:03:59.805&amp#27;[0;39m &amp#27;[1;30m[main]&amp#27;[0;39m &amp#27;[34mINFO &amp#27;[0;39m &amp#27;[35mi.m.c.DefaultApplicationContext$RuntimeConfiguredEnvironment&amp#27;[0;39m - Established active environments: [test]
&amp#27;[36m13:04:01.678&amp#27;[0;39m &amp#27;[1;30m[main]&amp#27;[0;39m &amp#27;[34mINFO &amp#27;[0;39m &amp#27;[35mcom.zaxxer.hikari.HikariDataSource&amp#27;[0;39m - HikariPool-1 - Starting...
&amp#27;[36m13:04:02.090&amp#27;[0;39m &amp#27;[1;30m[main]&amp#27;[0;39m &amp#27;[34mINFO &amp#27;[0;39m &amp#27;[35mcom.zaxxer.hikari.pool.HikariPool&amp#27;[0;39m - HikariPool-1 - Added connection org.postgresql.jdbc.PgConnection@7f572c37
&amp#27;[36m13:04:02.092&amp#27;[0;39m &amp#27;[1;30m[main]&amp#27;[0;39m &amp#27;[34mINFO &amp#27;[0;39m &amp#27;[35mcom.zaxxer.hikari.HikariDataSource&amp#27;[0;39m - HikariPool-1 - Start completed.
]]></system-out>
  </testcase>
</testsuite>